<?xml version="1.0" encoding="UTF-8"?>
<!-- Generated by org.testng.reporters.JUnitXMLReporter -->
<testsuite ignored="1" hostname="khadija" failures="0" tests="20" name="KAZ Learning Program" time="0.138" errors="0" timestamp="2024-09-07T10:58:42 IST">
  <testcase classname="testng.day01.TestNGAnnotationExample" name="TestAnnotation" time="0.001"/>
  <testcase classname="testng.day01.TestNGAnnotationExample" name="TestAnnotation1" time="0.001"/>
  <testcase classname="testng.day01.TestNGExample_01" name="launchApplication" time="0.001"/>
  <testcase classname="testng.day01.TestNGExample_01" name="HomeLinkTest" time="0.001"/>
  <testcase classname="testng.day01.TestNGExample_01" name="LoginTest" time="0.001"/>
  <testcase classname="testng.day01.TestNGExample_01" name="regressionLoginConfirmPasswordTest" time="0.002"/>
  <testcase classname="testng.day01.TestNGExample_01" name="regressionLoginPasswordTest" time="0.001"/>
  <testcase classname="testng.day01.TestNGExample_01" name="regressionLoginTest" time="0.0"/>
  <testcase classname="testng.day01.TestNGAnnotationExample" name="sanityHomePageButtonTest" time="0.001"/>
  <testcase classname="testng.day01.TestNGExample_01" name="sanityHomePageButtonTest" time="0.0"/>
  <testcase classname="testng.day01.TestNGAnnotationExample" name="sanityHomePageLinTest" time="0.001"/>
  <testcase classname="testng.day01.TestNGExample_01" name="sanityHomePageLinTest" time="0.001"/>
  <testcase classname="testng.day01.TestNGExample_01" name="sanityHomePageTest" time="0.001"/>
  <testcase classname="testng.day01.TestNGExample_01" name="sanityHomePageTextTest" time="0.001"/>
  <testcase classname="testng.day01.TestNGAnnotationExample" name="TestAnnotation2" time="0.001"/>
  <testcase classname="testng.day01.TestNGExample_01" name="startTest" time="0.0"/>
  <testcase classname="testng.day01.TestNGExample" name="goToHomeTest" time="0.001"/>
  <testcase classname="testng.day01.TestNGExample" name="goToHomeTest" time="0.001"/>
  <testcase classname="testng.day01.TestNGExample" name="zuttonValueValidation" time="0.001"/>
  <testcase classname="testng.day01.TestNGExample" name="clickOnSearchTest" time="0.0"/>
  <testcase classname="testng.day01.TestNGExample" name="searchTextTest" time="0.0">
    <ignored/>
  </testcase> <!-- searchTextTest -->
</testsuite> <!-- KAZ Learning Program -->
