<?xml version="1.0" encoding="UTF-8"?>
<testng-results ignored="0" total="20" passed="20" failed="0" skipped="0">
  <reporter-output>
  </reporter-output>
  <suite started-at="2024-09-07T10:58:42 IST" name="Browser Stack" finished-at="2024-09-07T10:58:42 IST" duration-ms="138">
    <groups>
      <group name="regression">
        <method signature="TestNGExample_01.regressionLoginTest()[pri:0, instance:testng.day01.TestNGExample_01@2dde1bff]" name="regressionLoginTest" class="testng.day01.TestNGExample_01"/>
        <method signature="TestNGExample_01.regressionLoginConfirmPasswordTest()[pri:0, instance:testng.day01.TestNGExample_01@2dde1bff]" name="regressionLoginConfirmPasswordTest" class="testng.day01.TestNGExample_01"/>
        <method signature="TestNGExample_01.regressionLoginPasswordTest()[pri:0, instance:testng.day01.TestNGExample_01@2dde1bff]" name="regressionLoginPasswordTest" class="testng.day01.TestNGExample_01"/>
      </group> <!-- regression -->
      <group name="sanity">
        <method signature="TestNGExample_01.sanityHomePageTextTest()[pri:0, instance:testng.day01.TestNGExample_01@2dde1bff]" name="sanityHomePageTextTest" class="testng.day01.TestNGExample_01"/>
        <method signature="TestNGAnnotationExample.sanityHomePageButtonTest()[pri:0, instance:testng.day01.TestNGAnnotationExample@a2431d0]" name="sanityHomePageButtonTest" class="testng.day01.TestNGAnnotationExample"/>
        <method signature="TestNGAnnotationExample.sanityHomePageLinTest()[pri:0, instance:testng.day01.TestNGAnnotationExample@a2431d0]" name="sanityHomePageLinTest" class="testng.day01.TestNGAnnotationExample"/>
        <method signature="TestNGExample_01.sanityHomePageButtonTest()[pri:0, instance:testng.day01.TestNGExample_01@2dde1bff]" name="sanityHomePageButtonTest" class="testng.day01.TestNGExample_01"/>
        <method signature="TestNGExample_01.sanityHomePageLinTest()[pri:0, instance:testng.day01.TestNGExample_01@2dde1bff]" name="sanityHomePageLinTest" class="testng.day01.TestNGExample_01"/>
        <method signature="TestNGExample_01.sanityHomePageTest()[pri:0, instance:testng.day01.TestNGExample_01@2dde1bff]" name="sanityHomePageTest" class="testng.day01.TestNGExample_01"/>
      </group> <!-- sanity -->
    </groups>
    <test started-at="2024-09-07T10:58:42 IST" name="KAZ Learning Program" finished-at="2024-09-07T10:58:42 IST" duration-ms="138">
      <class name="testng.day01.TestNGExample_01">
        <test-method signature="launchApplication()[pri:0, instance:testng.day01.TestNGExample_01@2dde1bff]" started-at="2024-09-07T10:58:42 IST" name="launchApplication" finished-at="2024-09-07T10:58:42 IST" duration-ms="1" status="PASS">
          <reporter-output>
          </reporter-output>
        </test-method> <!-- launchApplication -->
        <test-method signature="HomeLinkTest()[pri:0, instance:testng.day01.TestNGExample_01@2dde1bff]" started-at="2024-09-07T10:58:42 IST" name="HomeLinkTest" finished-at="2024-09-07T10:58:42 IST" depends-on-methods="testng.day01.TestNGExample_01.launchApplication" duration-ms="1" status="PASS">
          <reporter-output>
          </reporter-output>
        </test-method> <!-- HomeLinkTest -->
        <test-method signature="LoginTest()[pri:0, instance:testng.day01.TestNGExample_01@2dde1bff]" started-at="2024-09-07T10:58:42 IST" name="LoginTest" finished-at="2024-09-07T10:58:42 IST" depends-on-methods="testng.day01.TestNGExample_01.launchApplication" duration-ms="1" status="PASS">
          <reporter-output>
          </reporter-output>
        </test-method> <!-- LoginTest -->
        <test-method signature="regressionLoginConfirmPasswordTest()[pri:0, instance:testng.day01.TestNGExample_01@2dde1bff]" started-at="2024-09-07T10:58:42 IST" name="regressionLoginConfirmPasswordTest" finished-at="2024-09-07T10:58:42 IST" duration-ms="2" status="PASS">
          <reporter-output>
          </reporter-output>
        </test-method> <!-- regressionLoginConfirmPasswordTest -->
        <test-method signature="regressionLoginPasswordTest()[pri:0, instance:testng.day01.TestNGExample_01@2dde1bff]" started-at="2024-09-07T10:58:42 IST" name="regressionLoginPasswordTest" finished-at="2024-09-07T10:58:42 IST" duration-ms="1" status="PASS">
          <reporter-output>
          </reporter-output>
        </test-method> <!-- regressionLoginPasswordTest -->
        <test-method signature="regressionLoginTest()[pri:0, instance:testng.day01.TestNGExample_01@2dde1bff]" started-at="2024-09-07T10:58:42 IST" name="regressionLoginTest" finished-at="2024-09-07T10:58:42 IST" duration-ms="0" status="PASS">
          <reporter-output>
          </reporter-output>
        </test-method> <!-- regressionLoginTest -->
        <test-method signature="sanityHomePageButtonTest()[pri:0, instance:testng.day01.TestNGExample_01@2dde1bff]" started-at="2024-09-07T10:58:42 IST" name="sanityHomePageButtonTest" finished-at="2024-09-07T10:58:42 IST" duration-ms="0" status="PASS">
          <reporter-output>
          </reporter-output>
        </test-method> <!-- sanityHomePageButtonTest -->
        <test-method signature="sanityHomePageLinTest()[pri:0, instance:testng.day01.TestNGExample_01@2dde1bff]" started-at="2024-09-07T10:58:42 IST" name="sanityHomePageLinTest" finished-at="2024-09-07T10:58:42 IST" duration-ms="1" status="PASS">
          <reporter-output>
          </reporter-output>
        </test-method> <!-- sanityHomePageLinTest -->
        <test-method signature="sanityHomePageTest()[pri:0, instance:testng.day01.TestNGExample_01@2dde1bff]" started-at="2024-09-07T10:58:42 IST" name="sanityHomePageTest" finished-at="2024-09-07T10:58:42 IST" duration-ms="1" status="PASS">
          <reporter-output>
          </reporter-output>
        </test-method> <!-- sanityHomePageTest -->
        <test-method signature="sanityHomePageTextTest()[pri:0, instance:testng.day01.TestNGExample_01@2dde1bff]" started-at="2024-09-07T10:58:42 IST" name="sanityHomePageTextTest" finished-at="2024-09-07T10:58:42 IST" duration-ms="1" status="PASS">
          <reporter-output>
          </reporter-output>
        </test-method> <!-- sanityHomePageTextTest -->
        <test-method signature="startTest()[pri:0, instance:testng.day01.TestNGExample_01@2dde1bff]" started-at="2024-09-07T10:58:42 IST" name="startTest" depends-on-groups="sanity" finished-at="2024-09-07T10:58:42 IST" duration-ms="0" status="PASS">
          <reporter-output>
          </reporter-output>
        </test-method> <!-- startTest -->
      </class> <!-- testng.day01.TestNGExample_01 -->
      <class name="testng.day01.TestNGAnnotationExample">
        <test-method is-config="true" signature="BeforeSuite()[pri:0, instance:testng.day01.TestNGAnnotationExample@a2431d0]" started-at="2024-09-07T10:58:41 IST" name="BeforeSuite" description="Before Suite" finished-at="2024-09-07T10:58:42 IST" duration-ms="34" status="PASS">
          <reporter-output>
          </reporter-output>
        </test-method> <!-- BeforeSuite -->
        <test-method is-config="true" signature="BeforeTest()[pri:0, instance:testng.day01.TestNGAnnotationExample@a2431d0]" started-at="2024-09-07T10:58:42 IST" name="BeforeTest" finished-at="2024-09-07T10:58:42 IST" duration-ms="1" status="PASS">
          <reporter-output>
          </reporter-output>
        </test-method> <!-- BeforeTest -->
        <test-method is-config="true" signature="BeforeClass()[pri:0, instance:testng.day01.TestNGAnnotationExample@a2431d0]" started-at="2024-09-07T10:58:42 IST" name="BeforeClass" finished-at="2024-09-07T10:58:42 IST" duration-ms="1" status="PASS">
          <reporter-output>
          </reporter-output>
        </test-method> <!-- BeforeClass -->
        <test-method is-config="true" signature="BeforeMethod()[pri:0, instance:testng.day01.TestNGAnnotationExample@a2431d0]" started-at="2024-09-07T10:58:42 IST" name="BeforeMethod" finished-at="2024-09-07T10:58:42 IST" duration-ms="0" status="PASS">
          <reporter-output>
          </reporter-output>
        </test-method> <!-- BeforeMethod -->
        <test-method signature="TestAnnotation()[pri:0, instance:testng.day01.TestNGAnnotationExample@a2431d0]" started-at="2024-09-07T10:58:42 IST" name="TestAnnotation" finished-at="2024-09-07T10:58:42 IST" duration-ms="1" status="PASS">
          <reporter-output>
          </reporter-output>
        </test-method> <!-- TestAnnotation -->
        <test-method is-config="true" signature="BeforeMethod()[pri:0, instance:testng.day01.TestNGAnnotationExample@a2431d0]" started-at="2024-09-07T10:58:42 IST" name="BeforeMethod" finished-at="2024-09-07T10:58:42 IST" duration-ms="1" status="PASS">
          <reporter-output>
          </reporter-output>
        </test-method> <!-- BeforeMethod -->
        <test-method signature="TestAnnotation1()[pri:0, instance:testng.day01.TestNGAnnotationExample@a2431d0]" started-at="2024-09-07T10:58:42 IST" name="TestAnnotation1" finished-at="2024-09-07T10:58:42 IST" duration-ms="1" status="PASS">
          <reporter-output>
          </reporter-output>
        </test-method> <!-- TestAnnotation1 -->
        <test-method signature="sanityHomePageButtonTest()[pri:0, instance:testng.day01.TestNGAnnotationExample@a2431d0]" started-at="2024-09-07T10:58:42 IST" name="sanityHomePageButtonTest" finished-at="2024-09-07T10:58:42 IST" duration-ms="1" status="PASS">
          <reporter-output>
          </reporter-output>
        </test-method> <!-- sanityHomePageButtonTest -->
        <test-method is-config="true" signature="BeforeMethod()[pri:0, instance:testng.day01.TestNGAnnotationExample@a2431d0]" started-at="2024-09-07T10:58:42 IST" name="BeforeMethod" finished-at="2024-09-07T10:58:42 IST" duration-ms="0" status="PASS">
          <reporter-output>
          </reporter-output>
        </test-method> <!-- BeforeMethod -->
        <test-method signature="sanityHomePageLinTest()[pri:0, instance:testng.day01.TestNGAnnotationExample@a2431d0]" started-at="2024-09-07T10:58:42 IST" name="sanityHomePageLinTest" finished-at="2024-09-07T10:58:42 IST" duration-ms="1" status="PASS">
          <reporter-output>
          </reporter-output>
        </test-method> <!-- sanityHomePageLinTest -->
        <test-method is-config="true" signature="BeforeMethod()[pri:0, instance:testng.day01.TestNGAnnotationExample@a2431d0]" started-at="2024-09-07T10:58:42 IST" name="BeforeMethod" finished-at="2024-09-07T10:58:42 IST" duration-ms="0" status="PASS">
          <reporter-output>
          </reporter-output>
        </test-method> <!-- BeforeMethod -->
        <test-method is-config="true" signature="BeforeMethod()[pri:0, instance:testng.day01.TestNGAnnotationExample@a2431d0]" started-at="2024-09-07T10:58:42 IST" name="BeforeMethod" finished-at="2024-09-07T10:58:42 IST" duration-ms="1" status="PASS">
          <reporter-output>
          </reporter-output>
        </test-method> <!-- BeforeMethod -->
        <test-method signature="TestAnnotation2()[pri:0, instance:testng.day01.TestNGAnnotationExample@a2431d0]" started-at="2024-09-07T10:58:42 IST" name="TestAnnotation2" depends-on-groups="sanity" finished-at="2024-09-07T10:58:42 IST" duration-ms="1" status="PASS">
          <reporter-output>
          </reporter-output>
        </test-method> <!-- TestAnnotation2 -->
      </class> <!-- testng.day01.TestNGAnnotationExample -->
      <class name="testng.day01.TestNGExample">
        <test-method signature="goToHomeTest()[pri:1, instance:testng.day01.TestNGExample@22e357dc]" started-at="2024-09-07T10:58:42 IST" name="goToHomeTest" description="Regression Test" finished-at="2024-09-07T10:58:42 IST" duration-ms="1" status="PASS">
          <reporter-output>
          </reporter-output>
        </test-method> <!-- goToHomeTest -->
        <test-method signature="goToHomeTest()[pri:1, instance:testng.day01.TestNGExample@22e357dc]" started-at="2024-09-07T10:58:42 IST" name="goToHomeTest" description="Regression Test" finished-at="2024-09-07T10:58:42 IST" duration-ms="1" status="PASS">
          <reporter-output>
          </reporter-output>
        </test-method> <!-- goToHomeTest -->
        <test-method signature="zuttonValueValidation()[pri:2, instance:testng.day01.TestNGExample@22e357dc]" started-at="2024-09-07T10:58:42 IST" name="zuttonValueValidation" finished-at="2024-09-07T10:58:42 IST" duration-ms="1" status="PASS">
          <reporter-output>
          </reporter-output>
        </test-method> <!-- zuttonValueValidation -->
        <test-method signature="clickOnSearchTest()[pri:4, instance:testng.day01.TestNGExample@22e357dc]" started-at="2024-09-07T10:58:42 IST" name="clickOnSearchTest" finished-at="2024-09-07T10:58:42 IST" duration-ms="0" status="PASS">
          <reporter-output>
          </reporter-output>
        </test-method> <!-- clickOnSearchTest -->
      </class> <!-- testng.day01.TestNGExample -->
    </test> <!-- KAZ Learning Program -->
  </suite> <!-- Browser Stack -->
</testng-results>
